{"C:\\xampp\\htdocs\\namaste-react\\src\\components\\Body.js": {"path":"C:\\xampp\\htdocs\\namaste-react\\src\\components\\Body.js","statementMap":{"0":{"start":{"line":10,"column":13},"end":{"line":146,"column":2}},"1":{"start":{"line":16,"column":52},"end":{"line":16,"column":64}},"2":{"start":{"line":17,"column":52},"end":{"line":17,"column":64}},"3":{"start":{"line":19,"column":39},"end":{"line":19,"column":51}},"4":{"start":{"line":21,"column":25},"end":{"line":21,"column":55}},"5":{"start":{"line":22,"column":4},"end":{"line":24,"column":10}},"6":{"start":{"line":23,"column":7},"end":{"line":23,"column":19}},"7":{"start":{"line":26,"column":22},"end":{"line":62,"column":5}},"8":{"start":{"line":29,"column":6},"end":{"line":60,"column":7}},"9":{"start":{"line":30,"column":21},"end":{"line":32,"column":9}},"10":{"start":{"line":35,"column":21},"end":{"line":35,"column":38}},"11":{"start":{"line":39,"column":12},"end":{"line":47,"column":13}},"12":{"start":{"line":39,"column":23},"end":{"line":39,"column":24}},"13":{"start":{"line":40,"column":32},"end":{"line":40,"column":106}},"14":{"start":{"line":43,"column":16},"end":{"line":46,"column":17}},"15":{"start":{"line":45,"column":18},"end":{"line":45,"column":35}},"16":{"start":{"line":52,"column":24},"end":{"line":52,"column":49}},"17":{"start":{"line":54,"column":12},"end":{"line":54,"column":47}},"18":{"start":{"line":55,"column":12},"end":{"line":55,"column":47}},"19":{"start":{"line":59,"column":8},"end":{"line":59,"column":27}},"20":{"start":{"line":65,"column":25},"end":{"line":65,"column":42}},"21":{"start":{"line":67,"column":40},"end":{"line":67,"column":63}},"22":{"start":{"line":69,"column":4},"end":{"line":69,"column":114}},"23":{"start":{"line":69,"column":32},"end":{"line":69,"column":114}},"24":{"start":{"line":71,"column":4},"end":{"line":144,"column":5}},"25":{"start":{"line":81,"column":38},"end":{"line":81,"column":67}},"26":{"start":{"line":89,"column":42},"end":{"line":91,"column":21}},"27":{"start":{"line":90,"column":24},"end":{"line":90,"column":86}},"28":{"start":{"line":93,"column":19},"end":{"line":93,"column":53}},"29":{"start":{"line":104,"column":43},"end":{"line":104,"column":102}},"30":{"start":{"line":104,"column":77},"end":{"line":104,"column":101}},"31":{"start":{"line":105,"column":20},"end":{"line":105,"column":55}},"32":{"start":{"line":111,"column":26},"end":{"line":111,"column":37}},"33":{"start":{"line":115,"column":102},"end":{"line":115,"column":129}},"34":{"start":{"line":125,"column":20},"end":{"line":135,"column":27}}},"fnMap":{"0":{"name":"(anonymous_0)","decl":{"start":{"line":10,"column":13},"end":{"line":10,"column":14}},"loc":{"start":{"line":10,"column":19},"end":{"line":146,"column":2}},"line":10},"1":{"name":"(anonymous_1)","decl":{"start":{"line":22,"column":14},"end":{"line":22,"column":15}},"loc":{"start":{"line":22,"column":20},"end":{"line":24,"column":5}},"line":22},"2":{"name":"(anonymous_2)","decl":{"start":{"line":26,"column":22},"end":{"line":26,"column":23}},"loc":{"start":{"line":26,"column":34},"end":{"line":62,"column":5}},"line":26},"3":{"name":"checkJsonData","decl":{"start":{"line":38,"column":23},"end":{"line":38,"column":36}},"loc":{"start":{"line":38,"column":47},"end":{"line":48,"column":9}},"line":38},"4":{"name":"(anonymous_4)","decl":{"start":{"line":81,"column":31},"end":{"line":81,"column":32}},"loc":{"start":{"line":81,"column":38},"end":{"line":81,"column":67}},"line":81},"5":{"name":"(anonymous_5)","decl":{"start":{"line":84,"column":83},"end":{"line":84,"column":84}},"loc":{"start":{"line":84,"column":89},"end":{"line":97,"column":17}},"line":84},"6":{"name":"(anonymous_6)","decl":{"start":{"line":89,"column":66},"end":{"line":89,"column":67}},"loc":{"start":{"line":90,"column":24},"end":{"line":90,"column":86}},"line":90},"7":{"name":"(anonymous_7)","decl":{"start":{"line":101,"column":25},"end":{"line":101,"column":26}},"loc":{"start":{"line":101,"column":31},"end":{"line":106,"column":17}},"line":101},"8":{"name":"(anonymous_8)","decl":{"start":{"line":104,"column":67},"end":{"line":104,"column":68}},"loc":{"start":{"line":104,"column":77},"end":{"line":104,"column":101}},"line":104},"9":{"name":"(anonymous_9)","decl":{"start":{"line":111,"column":21},"end":{"line":111,"column":22}},"loc":{"start":{"line":111,"column":26},"end":{"line":111,"column":37}},"line":111},"10":{"name":"(anonymous_10)","decl":{"start":{"line":115,"column":95},"end":{"line":115,"column":96}},"loc":{"start":{"line":115,"column":102},"end":{"line":115,"column":129}},"line":115},"11":{"name":"(anonymous_11)","decl":{"start":{"line":122,"column":37},"end":{"line":122,"column":38}},"loc":{"start":{"line":125,"column":20},"end":{"line":135,"column":27}},"line":125}},"branchMap":{"0":{"loc":{"start":{"line":43,"column":16},"end":{"line":46,"column":17}},"type":"if","locations":[{"start":{"line":43,"column":16},"end":{"line":46,"column":17}},{"start":{},"end":{}}],"line":43},"1":{"loc":{"start":{"line":69,"column":4},"end":{"line":69,"column":114}},"type":"if","locations":[{"start":{"line":69,"column":4},"end":{"line":69,"column":114}},{"start":{},"end":{}}],"line":69},"2":{"loc":{"start":{"line":71,"column":11},"end":{"line":144,"column":5}},"type":"cond-expr","locations":[{"start":{"line":72,"column":4},"end":{"line":72,"column":15}},{"start":{"line":75,"column":4},"end":{"line":143,"column":10}}],"line":71},"3":{"loc":{"start":{"line":132,"column":29},"end":{"line":132,"column":150}},"type":"cond-expr","locations":[{"start":{"line":132,"column":61},"end":{"line":132,"column":103}},{"start":{"line":132,"column":106},"end":{"line":132,"column":150}}],"line":132}},"s":{"0":1,"1":7,"2":7,"3":7,"4":7,"5":7,"6":2,"7":7,"8":2,"9":2,"10":2,"11":2,"12":2,"13":6,"14":6,"15":2,"16":2,"17":2,"18":2,"19":0,"20":7,"21":7,"22":7,"23":0,"24":7,"25":1,"26":1,"27":20,"28":1,"29":1,"30":20,"31":1,"32":0,"33":0,"34":66},"f":{"0":7,"1":2,"2":2,"3":2,"4":1,"5":1,"6":20,"7":1,"8":20,"9":0,"10":0,"11":66},"b":{"0":[2,4],"1":[0,7],"2":[2,5],"3":[22,44]},"_coverageSchema":"1a1c01bbd47fc00a2c39e90264f33305004495a9","hash":"c10329ee05f535cb98491b0c1a9aee6a9b3e145d"}
,"C:\\xampp\\htdocs\\namaste-react\\src\\components\\Cart.js": {"path":"C:\\xampp\\htdocs\\namaste-react\\src\\components\\Cart.js","statementMap":{"0":{"start":{"line":5,"column":13},"end":{"line":25,"column":1}},"1":{"start":{"line":7,"column":20},"end":{"line":7,"column":33}},"2":{"start":{"line":8,"column":27},"end":{"line":10,"column":5}},"3":{"start":{"line":9,"column":8},"end":{"line":9,"column":29}},"4":{"start":{"line":11,"column":22},"end":{"line":11,"column":62}},"5":{"start":{"line":11,"column":45},"end":{"line":11,"column":61}},"6":{"start":{"line":12,"column":4},"end":{"line":24,"column":5}}},"fnMap":{"0":{"name":"(anonymous_0)","decl":{"start":{"line":5,"column":13},"end":{"line":5,"column":14}},"loc":{"start":{"line":5,"column":19},"end":{"line":25,"column":1}},"line":5},"1":{"name":"(anonymous_1)","decl":{"start":{"line":8,"column":27},"end":{"line":8,"column":28}},"loc":{"start":{"line":8,"column":33},"end":{"line":10,"column":5}},"line":8},"2":{"name":"(anonymous_2)","decl":{"start":{"line":11,"column":34},"end":{"line":11,"column":35}},"loc":{"start":{"line":11,"column":45},"end":{"line":11,"column":61}},"line":11}},"branchMap":{"0":{"loc":{"start":{"line":20,"column":17},"end":{"line":20,"column":86}},"type":"binary-expr","locations":[{"start":{"line":20,"column":17},"end":{"line":20,"column":38}},{"start":{"line":20,"column":42},"end":{"line":20,"column":86}}],"line":20}},"s":{"0":1,"1":2,"2":2,"3":0,"4":2,"5":4,"6":2},"f":{"0":2,"1":0,"2":4},"b":{"0":[2,1]},"_coverageSchema":"1a1c01bbd47fc00a2c39e90264f33305004495a9","hash":"c6eafa71ba3b54ead815c3472ba020848eb0a5bc"}
,"C:\\xampp\\htdocs\\namaste-react\\src\\components\\ContactUs.js": {"path":"C:\\xampp\\htdocs\\namaste-react\\src\\components\\ContactUs.js","statementMap":{"0":{"start":{"line":1,"column":18},"end":{"line":12,"column":1}},"1":{"start":{"line":2,"column":4},"end":{"line":11,"column":5}}},"fnMap":{"0":{"name":"(anonymous_0)","decl":{"start":{"line":1,"column":18},"end":{"line":1,"column":19}},"loc":{"start":{"line":1,"column":24},"end":{"line":12,"column":1}},"line":1}},"branchMap":{},"s":{"0":1,"1":4},"f":{"0":4},"b":{},"_coverageSchema":"1a1c01bbd47fc00a2c39e90264f33305004495a9","hash":"f116e13b8f39f6e4140c11208e63035d999233f0"}
,"C:\\xampp\\htdocs\\namaste-react\\src\\components\\Header.js": {"path":"C:\\xampp\\htdocs\\namaste-react\\src\\components\\Header.js","statementMap":{"0":{"start":{"line":12,"column":15},"end":{"line":66,"column":1}},"1":{"start":{"line":14,"column":27},"end":{"line":14,"column":50}},"2":{"start":{"line":18,"column":34},"end":{"line":18,"column":51}},"3":{"start":{"line":20,"column":25},"end":{"line":20,"column":42}},"4":{"start":{"line":24,"column":22},"end":{"line":24,"column":62}},"5":{"start":{"line":24,"column":45},"end":{"line":24,"column":61}},"6":{"start":{"line":28,"column":4},"end":{"line":65,"column":5}},"7":{"start":{"line":54,"column":25},"end":{"line":56,"column":47}}},"fnMap":{"0":{"name":"(anonymous_0)","decl":{"start":{"line":12,"column":15},"end":{"line":12,"column":16}},"loc":{"start":{"line":12,"column":21},"end":{"line":66,"column":1}},"line":12},"1":{"name":"(anonymous_1)","decl":{"start":{"line":24,"column":34},"end":{"line":24,"column":35}},"loc":{"start":{"line":24,"column":45},"end":{"line":24,"column":61}},"line":24},"2":{"name":"(anonymous_2)","decl":{"start":{"line":53,"column":39},"end":{"line":53,"column":40}},"loc":{"start":{"line":53,"column":45},"end":{"line":57,"column":25}},"line":53}},"branchMap":{"0":{"loc":{"start":{"line":36,"column":42},"end":{"line":36,"column":67}},"type":"cond-expr","locations":[{"start":{"line":36,"column":57},"end":{"line":36,"column":60}},{"start":{"line":36,"column":63},"end":{"line":36,"column":67}}],"line":36},"1":{"loc":{"start":{"line":54,"column":25},"end":{"line":56,"column":47}},"type":"cond-expr","locations":[{"start":{"line":55,"column":27},"end":{"line":55,"column":47}},{"start":{"line":56,"column":28},"end":{"line":56,"column":47}}],"line":54}},"s":{"0":2,"1":6,"2":6,"3":6,"4":6,"5":11,"6":6,"7":1},"f":{"0":6,"1":11,"2":1},"b":{"0":[6,0],"1":[1,0]},"_coverageSchema":"1a1c01bbd47fc00a2c39e90264f33305004495a9","hash":"c0d8a4acf5b6fe75eca6a2bb8e366bd9e654ba20"}
,"C:\\xampp\\htdocs\\namaste-react\\src\\components\\ItemList.js": {"path":"C:\\xampp\\htdocs\\namaste-react\\src\\components\\ItemList.js","statementMap":{"0":{"start":{"line":6,"column":17},"end":{"line":59,"column":1}},"1":{"start":{"line":8,"column":18},"end":{"line":8,"column":31}},"2":{"start":{"line":9,"column":24},"end":{"line":13,"column":3}},"3":{"start":{"line":12,"column":4},"end":{"line":12,"column":26}},"4":{"start":{"line":16,"column":2},"end":{"line":58,"column":4}},"5":{"start":{"line":19,"column":8},"end":{"line":55,"column":14}},"6":{"start":{"line":40,"column":33},"end":{"line":40,"column":52}}},"fnMap":{"0":{"name":"(anonymous_0)","decl":{"start":{"line":6,"column":17},"end":{"line":6,"column":18}},"loc":{"start":{"line":6,"column":32},"end":{"line":59,"column":1}},"line":6},"1":{"name":"(anonymous_1)","decl":{"start":{"line":9,"column":24},"end":{"line":9,"column":25}},"loc":{"start":{"line":9,"column":34},"end":{"line":13,"column":3}},"line":9},"2":{"name":"(anonymous_2)","decl":{"start":{"line":18,"column":17},"end":{"line":18,"column":18}},"loc":{"start":{"line":19,"column":8},"end":{"line":55,"column":14}},"line":19},"3":{"name":"(anonymous_3)","decl":{"start":{"line":40,"column":27},"end":{"line":40,"column":28}},"loc":{"start":{"line":40,"column":33},"end":{"line":40,"column":52}},"line":40}},"branchMap":{"0":{"loc":{"start":{"line":30,"column":17},"end":{"line":32,"column":53}},"type":"cond-expr","locations":[{"start":{"line":31,"column":20},"end":{"line":31,"column":46}},{"start":{"line":32,"column":20},"end":{"line":32,"column":53}}],"line":30},"1":{"loc":{"start":{"line":46,"column":13},"end":{"line":53,"column":13}},"type":"cond-expr","locations":[{"start":{"line":47,"column":14},"end":{"line":50,"column":16}},{"start":{"line":52,"column":14},"end":{"line":52,"column":16}}],"line":46}},"s":{"0":1,"1":4,"2":4,"3":1,"4":4,"5":60,"6":1},"f":{"0":4,"1":1,"2":60,"3":1},"b":{"0":[60,0],"1":[22,38]},"_coverageSchema":"1a1c01bbd47fc00a2c39e90264f33305004495a9","hash":"769b0a2f96df96401bdc886b7cb60a026e6c15f5"}
,"C:\\xampp\\htdocs\\namaste-react\\src\\components\\RestaurantCard.js": {"path":"C:\\xampp\\htdocs\\namaste-react\\src\\components\\RestaurantCard.js","statementMap":{"0":{"start":{"line":5,"column":23},"end":{"line":30,"column":1}},"1":{"start":{"line":7,"column":20},"end":{"line":7,"column":25}},"2":{"start":{"line":10,"column":24},"end":{"line":10,"column":47}},"3":{"start":{"line":12,"column":65},"end":{"line":12,"column":72}},"4":{"start":{"line":16,"column":3},"end":{"line":29,"column":4}},"5":{"start":{"line":37,"column":30},"end":{"line":47,"column":1}},"6":{"start":{"line":39,"column":4},"end":{"line":46,"column":5}},"7":{"start":{"line":40,"column":8},"end":{"line":45,"column":9}}},"fnMap":{"0":{"name":"(anonymous_0)","decl":{"start":{"line":5,"column":23},"end":{"line":5,"column":24}},"loc":{"start":{"line":5,"column":34},"end":{"line":30,"column":1}},"line":5},"1":{"name":"(anonymous_1)","decl":{"start":{"line":37,"column":30},"end":{"line":37,"column":31}},"loc":{"start":{"line":37,"column":50},"end":{"line":47,"column":1}},"line":37},"2":{"name":"(anonymous_2)","decl":{"start":{"line":39,"column":10},"end":{"line":39,"column":11}},"loc":{"start":{"line":39,"column":21},"end":{"line":46,"column":5}},"line":39}},"branchMap":{},"s":{"0":2,"1":68,"2":68,"3":68,"4":68,"5":2,"6":8,"7":23},"f":{"0":68,"1":8,"2":23},"b":{},"_coverageSchema":"1a1c01bbd47fc00a2c39e90264f33305004495a9","hash":"3821eaaa40810002cfd1c2149c37e494f99feb75"}
,"C:\\xampp\\htdocs\\namaste-react\\src\\components\\RestaurantCategory.js": {"path":"C:\\xampp\\htdocs\\namaste-react\\src\\components\\RestaurantCategory.js","statementMap":{"0":{"start":{"line":3,"column":27},"end":{"line":22,"column":1}},"1":{"start":{"line":6,"column":24},"end":{"line":8,"column":5}},"2":{"start":{"line":7,"column":8},"end":{"line":7,"column":21}},"3":{"start":{"line":9,"column":4},"end":{"line":21,"column":5}}},"fnMap":{"0":{"name":"(anonymous_0)","decl":{"start":{"line":3,"column":27},"end":{"line":3,"column":28}},"loc":{"start":{"line":3,"column":62},"end":{"line":22,"column":1}},"line":3},"1":{"name":"(anonymous_1)","decl":{"start":{"line":6,"column":24},"end":{"line":6,"column":25}},"loc":{"start":{"line":6,"column":30},"end":{"line":8,"column":5}},"line":6}},"branchMap":{"0":{"loc":{"start":{"line":16,"column":16},"end":{"line":16,"column":62}},"type":"binary-expr","locations":[{"start":{"line":16,"column":16},"end":{"line":16,"column":23}},{"start":{"line":16,"column":27},"end":{"line":16,"column":62}}],"line":16}},"s":{"0":1,"1":26,"2":1,"3":26},"f":{"0":26,"1":1},"b":{"0":[26,2]},"_coverageSchema":"1a1c01bbd47fc00a2c39e90264f33305004495a9","hash":"98506b368958083b1849abed4a24cf32fe9e6b2b"}
,"C:\\xampp\\htdocs\\namaste-react\\src\\components\\RestaurantMenu.js": {"path":"C:\\xampp\\htdocs\\namaste-react\\src\\components\\RestaurantMenu.js","statementMap":{"0":{"start":{"line":8,"column":23},"end":{"line":52,"column":1}},"1":{"start":{"line":10,"column":20},"end":{"line":10,"column":31}},"2":{"start":{"line":12,"column":35},"end":{"line":12,"column":46}},"3":{"start":{"line":16,"column":20},"end":{"line":16,"column":44}},"4":{"start":{"line":19,"column":4},"end":{"line":19,"column":44}},"5":{"start":{"line":19,"column":26},"end":{"line":19,"column":44}},"6":{"start":{"line":21,"column":49},"end":{"line":21,"column":84}},"7":{"start":{"line":22,"column":26},"end":{"line":22,"column":101}},"8":{"start":{"line":24,"column":23},"end":{"line":28,"column":6}},"9":{"start":{"line":27,"column":7},"end":{"line":27,"column":106}},"10":{"start":{"line":32,"column":3},"end":{"line":51,"column":5}},"11":{"start":{"line":41,"column":15},"end":{"line":46,"column":19}},"12":{"start":{"line":45,"column":38},"end":{"line":45,"column":97}}},"fnMap":{"0":{"name":"(anonymous_0)","decl":{"start":{"line":8,"column":23},"end":{"line":8,"column":24}},"loc":{"start":{"line":8,"column":29},"end":{"line":52,"column":1}},"line":8},"1":{"name":"(anonymous_1)","decl":{"start":{"line":24,"column":91},"end":{"line":24,"column":92}},"loc":{"start":{"line":24,"column":100},"end":{"line":28,"column":5}},"line":24},"2":{"name":"(anonymous_2)","decl":{"start":{"line":40,"column":27},"end":{"line":40,"column":28}},"loc":{"start":{"line":40,"column":48},"end":{"line":47,"column":13}},"line":40},"3":{"name":"(anonymous_3)","decl":{"start":{"line":45,"column":32},"end":{"line":45,"column":33}},"loc":{"start":{"line":45,"column":38},"end":{"line":45,"column":97}},"line":45}},"branchMap":{"0":{"loc":{"start":{"line":19,"column":4},"end":{"line":19,"column":44}},"type":"if","locations":[{"start":{"line":19,"column":4},"end":{"line":19,"column":44}},{"start":{},"end":{}}],"line":19},"1":{"loc":{"start":{"line":44,"column":26},"end":{"line":44,"column":58}},"type":"cond-expr","locations":[{"start":{"line":44,"column":46},"end":{"line":44,"column":50}},{"start":{"line":44,"column":53},"end":{"line":44,"column":58}}],"line":44},"2":{"loc":{"start":{"line":45,"column":38},"end":{"line":45,"column":97}},"type":"cond-expr","locations":[{"start":{"line":45,"column":59},"end":{"line":45,"column":76}},{"start":{"line":45,"column":79},"end":{"line":45,"column":97}}],"line":45}},"s":{"0":1,"1":3,"2":3,"3":3,"4":3,"5":1,"6":2,"7":2,"8":2,"9":34,"10":2,"11":26,"12":1},"f":{"0":3,"1":34,"2":26,"3":1},"b":{"0":[1,2],"1":[2,24],"2":[0,1]},"_coverageSchema":"1a1c01bbd47fc00a2c39e90264f33305004495a9","hash":"828c5319873e70eed4a5aef39f155da4b16e8b91"}
,"C:\\xampp\\htdocs\\namaste-react\\src\\components\\Shimmer.js": {"path":"C:\\xampp\\htdocs\\namaste-react\\src\\components\\Shimmer.js","statementMap":{"0":{"start":{"line":2,"column":16},"end":{"line":25,"column":1}},"1":{"start":{"line":3,"column":4},"end":{"line":24,"column":5}}},"fnMap":{"0":{"name":"(anonymous_0)","decl":{"start":{"line":2,"column":16},"end":{"line":2,"column":17}},"loc":{"start":{"line":2,"column":22},"end":{"line":25,"column":1}},"line":2}},"branchMap":{},"s":{"0":2,"1":3},"f":{"0":3},"b":{},"_coverageSchema":"1a1c01bbd47fc00a2c39e90264f33305004495a9","hash":"3848ee47c06a0c781637548b7d67dc4f10283bab"}
,"C:\\xampp\\htdocs\\namaste-react\\src\\components\\sum.js": {"path":"C:\\xampp\\htdocs\\namaste-react\\src\\components\\sum.js","statementMap":{"0":{"start":{"line":2,"column":19},"end":{"line":4,"column":1}},"1":{"start":{"line":3,"column":4},"end":{"line":3,"column":16}}},"fnMap":{"0":{"name":"(anonymous_0)","decl":{"start":{"line":2,"column":19},"end":{"line":2,"column":20}},"loc":{"start":{"line":2,"column":29},"end":{"line":4,"column":1}},"line":2}},"branchMap":{},"s":{"0":1,"1":1},"f":{"0":1},"b":{},"_coverageSchema":"1a1c01bbd47fc00a2c39e90264f33305004495a9","hash":"622e17a858871619623c7c8be546e80de3e34e23"}
,"C:\\xampp\\htdocs\\namaste-react\\src\\utils\\UserContext.js": {"path":"C:\\xampp\\htdocs\\namaste-react\\src\\utils\\UserContext.js","statementMap":{"0":{"start":{"line":3,"column":20},"end":{"line":5,"column":2}}},"fnMap":{},"branchMap":{},"s":{"0":4},"f":{},"b":{},"_coverageSchema":"1a1c01bbd47fc00a2c39e90264f33305004495a9","hash":"94157ddeda7ff2653bdb89cdb896f87bcfff42ff"}
,"C:\\xampp\\htdocs\\namaste-react\\src\\utils\\appStore.js": {"path":"C:\\xampp\\htdocs\\namaste-react\\src\\utils\\appStore.js","statementMap":{"0":{"start":{"line":4,"column":17},"end":{"line":9,"column":2}}},"fnMap":{},"branchMap":{},"s":{"0":2},"f":{},"b":{},"_coverageSchema":"1a1c01bbd47fc00a2c39e90264f33305004495a9","hash":"614a5c55d8caaa3f9b5d5de0ff32561e7b8b74b4"}
,"C:\\xampp\\htdocs\\namaste-react\\src\\utils\\cartSlice.js": {"path":"C:\\xampp\\htdocs\\namaste-react\\src\\utils\\cartSlice.js","statementMap":{"0":{"start":{"line":3,"column":18},"end":{"line":25,"column":2}},"1":{"start":{"line":14,"column":12},"end":{"line":14,"column":45}},"2":{"start":{"line":17,"column":12},"end":{"line":17,"column":30}},"3":{"start":{"line":20,"column":12},"end":{"line":20,"column":35}},"4":{"start":{"line":27,"column":49},"end":{"line":27,"column":66}}},"fnMap":{"0":{"name":"(anonymous_0)","decl":{"start":{"line":11,"column":17},"end":{"line":11,"column":18}},"loc":{"start":{"line":11,"column":36},"end":{"line":15,"column":9}},"line":11},"1":{"name":"(anonymous_1)","decl":{"start":{"line":16,"column":20},"end":{"line":16,"column":21}},"loc":{"start":{"line":16,"column":31},"end":{"line":18,"column":9}},"line":16},"2":{"name":"(anonymous_2)","decl":{"start":{"line":19,"column":19},"end":{"line":19,"column":20}},"loc":{"start":{"line":19,"column":30},"end":{"line":23,"column":9}},"line":19}},"branchMap":{},"s":{"0":2,"1":1,"2":0,"3":0,"4":2},"f":{"0":1,"1":0,"2":0},"b":{},"_coverageSchema":"1a1c01bbd47fc00a2c39e90264f33305004495a9","hash":"b7a55830991c363dd4faa1028f74e4b6e369de41"}
,"C:\\xampp\\htdocs\\namaste-react\\src\\utils\\constants.js": {"path":"C:\\xampp\\htdocs\\namaste-react\\src\\utils\\constants.js","statementMap":{"0":{"start":{"line":1,"column":23},"end":{"line":1,"column":106}},"1":{"start":{"line":3,"column":24},"end":{"line":3,"column":96}},"2":{"start":{"line":5,"column":24},"end":{"line":5,"column":147}}},"fnMap":{},"branchMap":{},"s":{"0":4,"1":4,"2":4},"f":{},"b":{},"_coverageSchema":"1a1c01bbd47fc00a2c39e90264f33305004495a9","hash":"b4c4a722fac74140f3a2fb4389e227f3ba0b987c"}
,"C:\\xampp\\htdocs\\namaste-react\\src\\utils\\useOnlineStatus.js": {"path":"C:\\xampp\\htdocs\\namaste-react\\src\\utils\\useOnlineStatus.js","statementMap":{"0":{"start":{"line":3,"column":24},"end":{"line":19,"column":1}},"1":{"start":{"line":6,"column":42},"end":{"line":6,"column":56}},"2":{"start":{"line":7,"column":4},"end":{"line":17,"column":9}},"3":{"start":{"line":10,"column":8},"end":{"line":12,"column":11}},"4":{"start":{"line":11,"column":12},"end":{"line":11,"column":35}},"5":{"start":{"line":14,"column":8},"end":{"line":16,"column":11}},"6":{"start":{"line":15,"column":12},"end":{"line":15,"column":34}},"7":{"start":{"line":18,"column":4},"end":{"line":18,"column":24}}},"fnMap":{"0":{"name":"(anonymous_0)","decl":{"start":{"line":3,"column":24},"end":{"line":3,"column":25}},"loc":{"start":{"line":3,"column":30},"end":{"line":19,"column":1}},"line":3},"1":{"name":"(anonymous_1)","decl":{"start":{"line":7,"column":14},"end":{"line":7,"column":15}},"loc":{"start":{"line":7,"column":20},"end":{"line":17,"column":5}},"line":7},"2":{"name":"(anonymous_2)","decl":{"start":{"line":10,"column":43},"end":{"line":10,"column":44}},"loc":{"start":{"line":10,"column":49},"end":{"line":12,"column":9}},"line":10},"3":{"name":"(anonymous_3)","decl":{"start":{"line":14,"column":42},"end":{"line":14,"column":43}},"loc":{"start":{"line":14,"column":48},"end":{"line":16,"column":9}},"line":14}},"branchMap":{},"s":{"0":3,"1":13,"2":13,"3":6,"4":0,"5":6,"6":0,"7":13},"f":{"0":13,"1":6,"2":0,"3":0},"b":{},"_coverageSchema":"1a1c01bbd47fc00a2c39e90264f33305004495a9","hash":"5430fa6f6ce6f01e94806a6088677f362754854b"}
,"C:\\xampp\\htdocs\\namaste-react\\src\\utils\\useRestaurantMenu.js": {"path":"C:\\xampp\\htdocs\\namaste-react\\src\\utils\\useRestaurantMenu.js","statementMap":{"0":{"start":{"line":4,"column":27},"end":{"line":23,"column":1}},"1":{"start":{"line":6,"column":33},"end":{"line":6,"column":47}},"2":{"start":{"line":10,"column":2},"end":{"line":12,"column":8}},"3":{"start":{"line":11,"column":4},"end":{"line":11,"column":16}},"4":{"start":{"line":14,"column":22},"end":{"line":20,"column":5}},"5":{"start":{"line":16,"column":21},"end":{"line":16,"column":48}},"6":{"start":{"line":17,"column":21},"end":{"line":17,"column":38}},"7":{"start":{"line":19,"column":9},"end":{"line":19,"column":30}},"8":{"start":{"line":22,"column":4},"end":{"line":22,"column":19}}},"fnMap":{"0":{"name":"(anonymous_0)","decl":{"start":{"line":4,"column":27},"end":{"line":4,"column":28}},"loc":{"start":{"line":4,"column":38},"end":{"line":23,"column":1}},"line":4},"1":{"name":"(anonymous_1)","decl":{"start":{"line":10,"column":12},"end":{"line":10,"column":13}},"loc":{"start":{"line":10,"column":18},"end":{"line":12,"column":3}},"line":10},"2":{"name":"(anonymous_2)","decl":{"start":{"line":14,"column":22},"end":{"line":14,"column":23}},"loc":{"start":{"line":14,"column":34},"end":{"line":20,"column":5}},"line":14}},"branchMap":{},"s":{"0":1,"1":3,"2":3,"3":1,"4":3,"5":1,"6":1,"7":1,"8":3},"f":{"0":3,"1":1,"2":1},"b":{},"_coverageSchema":"1a1c01bbd47fc00a2c39e90264f33305004495a9","hash":"bbeb9aaa080c9e218fcb3fd0c987b7f34407dcc5"}
}
