TN:
SF:src\components\Body.js
FN:10,(anonymous_0)
FN:22,(anonymous_1)
FN:26,(anonymous_2)
FN:38,checkJsonData
FN:81,(anonymous_4)
FN:84,(anonymous_5)
FN:89,(anonymous_6)
FN:101,(anonymous_7)
FN:104,(anonymous_8)
FN:111,(anonymous_9)
FN:115,(anonymous_10)
FN:122,(anonymous_11)
FNF:12
FNH:10
FNDA:7,(anonymous_0)
FNDA:2,(anonymous_1)
FNDA:2,(anonymous_2)
FNDA:2,checkJsonData
FNDA:1,(anonymous_4)
FNDA:1,(anonymous_5)
FNDA:20,(anonymous_6)
FNDA:1,(anonymous_7)
FNDA:20,(anonymous_8)
FNDA:0,(anonymous_9)
FNDA:0,(anonymous_10)
FNDA:66,(anonymous_11)
DA:10,1
DA:16,7
DA:17,7
DA:19,7
DA:21,7
DA:22,7
DA:23,2
DA:26,7
DA:29,2
DA:30,2
DA:35,2
DA:39,2
DA:40,6
DA:43,6
DA:45,2
DA:52,2
DA:54,2
DA:55,2
DA:59,0
DA:65,7
DA:67,7
DA:69,7
DA:71,7
DA:81,1
DA:89,1
DA:90,20
DA:93,1
DA:104,20
DA:105,1
DA:111,0
DA:115,0
DA:125,66
LF:32
LH:29
BRDA:43,0,0,2
BRDA:43,0,1,4
BRDA:69,1,0,0
BRDA:69,1,1,7
BRDA:71,2,0,2
BRDA:71,2,1,5
BRDA:132,3,0,22
BRDA:132,3,1,44
BRF:8
BRH:7
end_of_record
TN:
SF:src\components\Cart.js
FN:5,(anonymous_0)
FN:8,(anonymous_1)
FN:11,(anonymous_2)
FNF:3
FNH:2
FNDA:2,(anonymous_0)
FNDA:0,(anonymous_1)
FNDA:4,(anonymous_2)
DA:5,1
DA:7,2
DA:8,2
DA:9,0
DA:11,4
DA:12,2
LF:6
LH:5
BRDA:20,0,0,2
BRDA:20,0,1,1
BRF:2
BRH:2
end_of_record
TN:
SF:src\components\ContactUs.js
FN:1,(anonymous_0)
FNF:1
FNH:1
FNDA:4,(anonymous_0)
DA:1,1
DA:2,4
LF:2
LH:2
BRF:0
BRH:0
end_of_record
TN:
SF:src\components\Header.js
FN:12,(anonymous_0)
FN:24,(anonymous_1)
FN:53,(anonymous_2)
FNF:3
FNH:3
FNDA:6,(anonymous_0)
FNDA:11,(anonymous_1)
FNDA:1,(anonymous_2)
DA:12,2
DA:14,6
DA:18,6
DA:20,6
DA:24,11
DA:28,6
DA:54,1
LF:7
LH:7
BRDA:36,0,0,6
BRDA:36,0,1,0
BRDA:54,1,0,1
BRDA:54,1,1,0
BRF:4
BRH:2
end_of_record
TN:
SF:src\components\ItemList.js
FN:6,(anonymous_0)
FN:9,(anonymous_1)
FN:18,(anonymous_2)
FN:40,(anonymous_3)
FNF:4
FNH:4
FNDA:4,(anonymous_0)
FNDA:1,(anonymous_1)
FNDA:60,(anonymous_2)
FNDA:1,(anonymous_3)
DA:6,1
DA:8,4
DA:9,4
DA:12,1
DA:16,4
DA:19,60
DA:40,1
LF:7
LH:7
BRDA:30,0,0,60
BRDA:30,0,1,0
BRDA:46,1,0,22
BRDA:46,1,1,38
BRF:4
BRH:3
end_of_record
TN:
SF:src\components\RestaurantCard.js
FN:5,(anonymous_0)
FN:37,(anonymous_1)
FN:39,(anonymous_2)
FNF:3
FNH:3
FNDA:68,(anonymous_0)
FNDA:8,(anonymous_1)
FNDA:23,(anonymous_2)
DA:5,2
DA:7,68
DA:10,68
DA:12,68
DA:16,68
DA:37,2
DA:39,8
DA:40,23
LF:8
LH:8
BRF:0
BRH:0
end_of_record
TN:
SF:src\components\RestaurantCategory.js
FN:3,(anonymous_0)
FN:6,(anonymous_1)
FNF:2
FNH:2
FNDA:26,(anonymous_0)
FNDA:1,(anonymous_1)
DA:3,1
DA:6,26
DA:7,1
DA:9,26
LF:4
LH:4
BRDA:16,0,0,26
BRDA:16,0,1,2
BRF:2
BRH:2
end_of_record
TN:
SF:src\components\RestaurantMenu.js
FN:8,(anonymous_0)
FN:24,(anonymous_1)
FN:40,(anonymous_2)
FN:45,(anonymous_3)
FNF:4
FNH:4
FNDA:3,(anonymous_0)
FNDA:34,(anonymous_1)
FNDA:26,(anonymous_2)
FNDA:1,(anonymous_3)
DA:8,1
DA:10,3
DA:12,3
DA:16,3
DA:19,3
DA:21,2
DA:22,2
DA:24,2
DA:27,34
DA:32,2
DA:41,26
DA:45,1
LF:12
LH:12
BRDA:19,0,0,1
BRDA:19,0,1,2
BRDA:44,1,0,2
BRDA:44,1,1,24
BRDA:45,2,0,0
BRDA:45,2,1,1
BRF:6
BRH:5
end_of_record
TN:
SF:src\components\Shimmer.js
FN:2,(anonymous_0)
FNF:1
FNH:1
FNDA:3,(anonymous_0)
DA:2,2
DA:3,3
LF:2
LH:2
BRF:0
BRH:0
end_of_record
TN:
SF:src\components\sum.js
FN:2,(anonymous_0)
FNF:1
FNH:1
FNDA:1,(anonymous_0)
DA:2,1
DA:3,1
LF:2
LH:2
BRF:0
BRH:0
end_of_record
TN:
SF:src\utils\UserContext.js
FNF:0
FNH:0
DA:3,4
LF:1
LH:1
BRF:0
BRH:0
end_of_record
TN:
SF:src\utils\appStore.js
FNF:0
FNH:0
DA:4,2
LF:1
LH:1
BRF:0
BRH:0
end_of_record
TN:
SF:src\utils\cartSlice.js
FN:11,(anonymous_0)
FN:16,(anonymous_1)
FN:19,(anonymous_2)
FNF:3
FNH:1
FNDA:1,(anonymous_0)
FNDA:0,(anonymous_1)
FNDA:0,(anonymous_2)
DA:3,2
DA:14,1
DA:17,0
DA:20,0
DA:27,2
LF:5
LH:3
BRF:0
BRH:0
end_of_record
TN:
SF:src\utils\constants.js
FNF:0
FNH:0
DA:1,4
DA:3,4
DA:5,4
LF:3
LH:3
BRF:0
BRH:0
end_of_record
TN:
SF:src\utils\useOnlineStatus.js
FN:3,(anonymous_0)
FN:7,(anonymous_1)
FN:10,(anonymous_2)
FN:14,(anonymous_3)
FNF:4
FNH:2
FNDA:13,(anonymous_0)
FNDA:6,(anonymous_1)
FNDA:0,(anonymous_2)
FNDA:0,(anonymous_3)
DA:3,3
DA:6,13
DA:7,13
DA:10,6
DA:11,0
DA:14,6
DA:15,0
DA:18,13
LF:8
LH:6
BRF:0
BRH:0
end_of_record
TN:
SF:src\utils\useRestaurantMenu.js
FN:4,(anonymous_0)
FN:10,(anonymous_1)
FN:14,(anonymous_2)
FNF:3
FNH:3
FNDA:3,(anonymous_0)
FNDA:1,(anonymous_1)
FNDA:1,(anonymous_2)
DA:4,1
DA:6,3
DA:10,3
DA:11,1
DA:14,3
DA:16,1
DA:17,1
DA:19,1
DA:22,3
LF:9
LH:9
BRF:0
BRH:0
end_of_record
